<?xml version="1.0" encoding="UTF-8"?>
<testsuite name="Iniciar sesion en la pagina de compras" tests="1" skipped="0" failures="0" errors="0" timestamp="2021-11-23T14:40:59" hostname="DESKTOP-V4BNGPO" time="29.36">
  <properties/>
  <testcase name="Iniciar sesion con usuario correctos" classname="Iniciar sesion en la pagina de compras" time="29.36"/>
  <system-out><![CDATA[]]></system-out>
  <system-err><![CDATA[]]></system-err>
</testsuite>
